<?xml version="1.0" encoding="UTF-8"?>
<!-- Generated by org.testng.reporters.JUnitReportReporter -->
<testsuite skipped="0" hostname="DESKTOP-C682D0O" name="loggingExample.TwitterPostResponseLogging" tests="1" failures="0" timestamp="24 Jan 2018 10:14:09 GMT" time="2.955" errors="0">
  <testcase name="TwitterPostRequestLogging" time="2.955" classname="loggingExample.TwitterPostResponseLogging"/>
</testsuite> <!-- loggingExample.TwitterPostResponseLogging -->
