<?xml version="1.0" encoding="UTF-8"?>
<!-- Generated by org.testng.reporters.JUnitReportReporter -->
<testsuite skipped="0" hostname="DESKTOP-C682D0O" name="extractXMLResponse.ExtractXMLResponse" tests="1" failures="0" timestamp="23 Jan 2018 19:09:14 GMT" time="2.119" errors="0">
  <testcase name="ExtractXmlResponse" time="2.119" classname="extractXMLResponse.ExtractXMLResponse"/>
</testsuite> <!-- extractXMLResponse.ExtractXMLResponse -->
