<?xml version="1.0" encoding="UTF-8"?>
<!-- Generated by org.testng.reporters.JUnitReportReporter -->
<testsuite skipped="0" hostname="DESKTOP-C682D0O" name="twitterApisExample.TwitterExtractResponseUsingJsonPath" tests="1" failures="0" timestamp="22 Jan 2018 17:49:10 GMT" time="3.692" errors="0">
  <testcase name="TwitterPostRequest" time="3.692" classname="twitterApisExample.TwitterExtractResponseUsingJsonPath"/>
</testsuite> <!-- twitterApisExample.TwitterExtractResponseUsingJsonPath -->
