<?xml version="1.0" encoding="UTF-8"?>
<!-- Generated by org.testng.reporters.JUnitReportReporter -->
<testsuite skipped="0" hostname="DESKTOP-C682D0O" name="specs.ResponseSpecificationDemo" tests="1" failures="0" timestamp="29 Jan 2018 06:22:56 GMT" time="2.228" errors="0">
  <testcase name="readTweets" time="2.228" classname="specs.ResponseSpecificationDemo"/>
</testsuite> <!-- specs.ResponseSpecificationDemo -->
