<?xml version="1.0" encoding="UTF-8"?>
<!-- Generated by org.testng.reporters.JUnitReportReporter -->
<testsuite skipped="0" hostname="DESKTOP-C682D0O" name="twitterApisExample.TwitterPostRequest" tests="1" failures="0" timestamp="22 Jan 2018 09:55:32 GMT" time="2.018" errors="0">
  <testcase name="TwitterPostRequest" time="2.018" classname="twitterApisExample.TwitterPostRequest"/>
</testsuite> <!-- twitterApisExample.TwitterPostRequest -->
