<?xml version="1.0" encoding="UTF-8"?>
<!-- Generated by org.testng.reporters.JUnitReportReporter -->
<testsuite skipped="0" hostname="DESKTOP-C682D0O" name="extractXMLResponse.ExtractXMLResponse" tests="1" failures="0" timestamp="01 Apr 2018 19:41:55 GMT" time="3.260" errors="0">
  <testcase name="ExtractXmlResponse" time="3.260" classname="extractXMLResponse.ExtractXMLResponse"/>
</testsuite> <!-- extractXMLResponse.ExtractXMLResponse -->
