<?xml version="1.0" encoding="UTF-8"?>
<!-- Generated by org.testng.reporters.JUnitReportReporter -->
<testsuite skipped="0" hostname="DESKTOP-C682D0O" name="basicTests.PostResponseDemo" tests="1" failures="0" timestamp="11 Jan 2018 09:17:11 GMT" time="6.111" errors="0">
  <testcase name="PostResponseDemoTest" time="6.111" classname="basicTests.PostResponseDemo"/>
</testsuite> <!-- basicTests.PostResponseDemo -->
