<?xml version="1.0" encoding="UTF-8"?>
<!-- Generated by org.testng.reporters.JUnitReportReporter -->
<testsuite skipped="1" hostname="DESKTOP-C682D0O" name="basicTests.GetRequestDemo2" tests="2" failures="0" timestamp="08 Jan 2018 18:06:03 GMT" time="2.773" errors="0">
  <testcase name="GetResponseBody" time="2.773" classname="basicTests.GetRequestDemo2"/>
  <testcase name="GetResponseTest" classname="basicTests.GetRequestDemo2">
    <skipped/>
  </testcase> <!-- GetResponseTest -->
</testsuite> <!-- basicTests.GetRequestDemo2 -->
