<?xml version="1.0" encoding="UTF-8"?>
<!-- Generated by org.testng.reporters.JUnitReportReporter -->
<testsuite skipped="0" hostname="DESKTOP-C682D0O" name="basicTests.ValidateResponse" tests="1" failures="0" timestamp="09 Jan 2018 12:37:14 GMT" time="4.507" errors="0">
  <testcase name="statusCodeVerification" time="4.507" classname="basicTests.ValidateResponse"/>
</testsuite> <!-- basicTests.ValidateResponse -->
