<?xml version="1.0" encoding="UTF-8"?>
<!-- Generated by org.testng.reporters.JUnitReportReporter -->
<testsuite skipped="0" hostname="DESKTOP-C682D0O" name="usefulTricks.RootPathConcept" tests="1" failures="0" timestamp="25 Jan 2018 12:44:17 GMT" time="2.300" errors="0">
  <testcase name="readTweets" time="2.300" classname="usefulTricks.RootPathConcept"/>
</testsuite> <!-- usefulTricks.RootPathConcept -->
