<?xml version="1.0" encoding="UTF-8"?>
<!-- Generated by org.testng.reporters.JUnitReportReporter -->
<testsuite skipped="0" hostname="DESKTOP-C682D0O" name="assertExamples.TwitterSoftAssertExample" tests="1" failures="0" timestamp="25 Jan 2018 11:32:56 GMT" time="4.002" errors="0">
  <testcase name="readTweets" time="4.002" classname="assertExamples.TwitterSoftAssertExample"/>
</testsuite> <!-- assertExamples.TwitterSoftAssertExample -->
