<?xml version="1.0" encoding="UTF-8"?>
<!-- Generated by org.testng.reporters.JUnitReportReporter -->
<testsuite skipped="0" hostname="DESKTOP-C682D0O" name="assertExamples.TwitterAssertExample" tests="1" failures="0" timestamp="25 Jan 2018 09:53:11 GMT" time="6.368" errors="0">
  <testcase name="readTweets" time="6.368" classname="assertExamples.TwitterAssertExample"/>
</testsuite> <!-- assertExamples.TwitterAssertExample -->
