<?xml version="1.0" encoding="UTF-8"?>
<!-- Generated by org.testng.reporters.JUnitReportReporter -->
<testsuite skipped="0" hostname="DESKTOP-C682D0O" name="basicTests.ValidateResponse2" tests="1" failures="0" timestamp="09 Jan 2018 12:38:00 GMT" time="5.092" errors="0">
  <testcase name="ValidateResponse" time="5.092" classname="basicTests.ValidateResponse2"/>
</testsuite> <!-- basicTests.ValidateResponse2 -->
