<?xml version="1.0" encoding="UTF-8"?>
<!-- Generated by org.testng.reporters.JUnitReportReporter -->
<testsuite skipped="0" hostname="DESKTOP-C682D0O" name="twitterApisExample.TwitterExtractResponse" tests="1" failures="0" timestamp="22 Jan 2018 10:26:59 GMT" time="3.338" errors="0">
  <testcase name="TwitterPostRequest" time="3.338" classname="twitterApisExample.TwitterExtractResponse"/>
</testsuite> <!-- twitterApisExample.TwitterExtractResponse -->
