<?xml version="1.0" encoding="UTF-8"?>
<!-- Generated by org.testng.reporters.JUnitReportReporter -->
<testsuite skipped="0" hostname="DESKTOP-C682D0O" name="extractXMLResponse.ExtractXMLUsingXMLPath" tests="1" failures="0" timestamp="23 Jan 2018 19:13:52 GMT" time="2.080" errors="0">
  <testcase name="ExtractXmlResponse" time="2.080" classname="extractXMLResponse.ExtractXMLUsingXMLPath"/>
</testsuite> <!-- extractXMLResponse.ExtractXMLUsingXMLPath -->
