<?xml version="1.0" encoding="UTF-8"?>
<!-- Generated by org.testng.reporters.JUnitReportReporter -->
<testsuite skipped="0" hostname="DESKTOP-C682D0O" name="basicTests.PostRequestWithPOJO" tests="1" failures="0" timestamp="15 Jan 2018 07:27:24 GMT" time="2.438" errors="0">
  <testcase name="PostResponseDemoTest" time="2.438" classname="basicTests.PostRequestWithPOJO"/>
</testsuite> <!-- basicTests.PostRequestWithPOJO -->
