<?xml version="1.0" encoding="UTF-8"?>
<!-- Generated by org.testng.reporters.JUnitReportReporter -->
<testsuite skipped="0" hostname="DESKTOP-C682D0O" name="twitterApisExample.TwitterGetStatusText" tests="2" failures="0" timestamp="23 Jan 2018 17:10:03 GMT" time="3.546" errors="0">
  <testcase name="TwitterGetStatusRequest" time="0.853" classname="twitterApisExample.TwitterGetStatusText"/>
  <testcase name="TwitterPostRequest" time="2.693" classname="twitterApisExample.TwitterGetStatusText"/>
</testsuite> <!-- twitterApisExample.TwitterGetStatusText -->
