<?xml version="1.0" encoding="UTF-8"?>
<!-- Generated by org.testng.reporters.JUnitReportReporter -->
<testsuite skipped="0" hostname="DESKTOP-C682D0O" name="usefulTricks.RootPathConceptGlobal" tests="1" failures="0" timestamp="25 Jan 2018 12:45:27 GMT" time="3.178" errors="0">
  <testcase name="readTweets" time="3.178" classname="usefulTricks.RootPathConceptGlobal"/>
</testsuite> <!-- usefulTricks.RootPathConceptGlobal -->
