<?xml version="1.0" encoding="UTF-8"?>
<!-- Generated by org.testng.reporters.JUnitReportReporter -->
<testsuite skipped="0" hostname="DESKTOP-C682D0O" name="specs.RequestSpecificationDemo" tests="1" failures="0" timestamp="28 Jan 2018 17:28:17 GMT" time="3.294" errors="0">
  <testcase name="readTweets" time="3.294" classname="specs.RequestSpecificationDemo"/>
</testsuite> <!-- specs.RequestSpecificationDemo -->
