<?xml version="1.0" encoding="UTF-8"?>
<!-- Generated by org.testng.reporters.JUnitReportReporter -->
<testsuite skipped="0" hostname="DESKTOP-C682D0O" name="usefulTricks.ResponseTimeCheck" tests="1" failures="0" timestamp="28 Jan 2018 16:17:22 GMT" time="2.674" errors="0">
  <testcase name="readTweets" time="2.674" classname="usefulTricks.ResponseTimeCheck"/>
</testsuite> <!-- usefulTricks.ResponseTimeCheck -->
