<?xml version="1.0" encoding="UTF-8"?>
<!-- Generated by org.testng.reporters.JUnitReportReporter -->
<testsuite hostname="DESKTOP-C682D0O" failures="0" tests="2" name="basicTests.GetRequestDemo" time="5.799" errors="0" timestamp="07 Aug 2018 11:44:16 GMT" skipped="0">
  <testcase classname="basicTests.GetRequestDemo" name="getResponseBody" time="5.243"/>
  <testcase classname="basicTests.GetRequestDemo" name="statusCodeVerification" time="0.556"/>
</testsuite> <!-- basicTests.GetRequestDemo -->
