<?xml version="1.0" encoding="UTF-8"?>
<!-- Generated by org.testng.reporters.JUnitReportReporter -->
<testsuite skipped="0" hostname="DESKTOP-C682D0O" name="basicTests.GetRequestDemo" tests="2" failures="0" timestamp="13 Dec 2017 17:32:52 GMT" time="5.075" errors="0">
  <testcase name="getResponseBody" time="4.284" classname="basicTests.GetRequestDemo"/>
  <testcase name="statusCodeVerification" time="0.791" classname="basicTests.GetRequestDemo"/>
</testsuite> <!-- basicTests.GetRequestDemo -->
